<?xml version="1.0" encoding="UTF-8"?>
<testsuite xmlns:xsi="http://www.w3.org/2001/XMLSchema-instance" xsi:noNamespaceSchemaLocation="https://maven.apache.org/surefire/maven-surefire-plugin/xsd/surefire-test-report.xsd" version="3.0.2" name="com.letterbook.backend.LetterbookApplicationTests" time="8.214" tests="1" errors="0" skipped="0" failures="0">
  <properties>
[...]
</properties>
  <testcase name="contextLoads" classname="com.letterbook.backend.LetterbookApplicationTests" time="0.465">
    <system-out><![CDATA[15:35:12.994 [main] INFO org.springframework.test.context.support.AnnotationConfigContextLoaderUtils -- Could not detect default configuration classes for test class [com.letterbook.backend.LetterbookApplicationTests]: LetterbookApplicationTests does not declare any static, non-private, non-final, nested classes annotated with @Configuration.
15:35:13.127 [main] INFO org.springframework.boot.test.context.SpringBootTestContextBootstrapper -- Found @SpringBootConfiguration com.letterbook.backend.LetterbookApplication for test class com.letterbook.backend.LetterbookApplicationTests
15:35:13.324 [main] INFO org.springframework.boot.devtools.restart.RestartApplicationListener -- Restart disabled due to context in which it is running

  .   ____          _            __ _ _
 /\\ / ___'_ __ _ _(_)_ __  __ _ \ \ \ \
( ( )\___ | '_ | '_| | '_ \/ _` | \ \ \ \
 \\/  ___)| |_)| | | | | || (_| |  ) ) ) )
  '  |____| .__|_| |_|_| |_\__, | / / / /
 =========|_|==============|___/=/_/_/_/

 :: Spring Boot ::             (v4.0.0-M1)

2025-08-06T15:35:13.622-03:00  INFO 329081 --- [letterbook] [           main] [                                                 ] c.l.backend.LetterbookApplicationTests   : Starting LetterbookApplicationTests using Java 21.0.8 with PID 329081 (started by joao in /home/joao/Documentos/letterbook)
2025-08-06T15:35:13.624-03:00  INFO 329081 --- [letterbook] [           main] [                                                 ] c.l.backend.LetterbookApplicationTests   : No active profile set, falling back to 1 default profile: "default"
2025-08-06T15:35:14.886-03:00  INFO 329081 --- [letterbook] [           main] [                                                 ] .s.d.r.c.RepositoryConfigurationDelegate : Multiple Spring Data modules found, entering strict repository configuration mode
2025-08-06T15:35:14.889-03:00  INFO 329081 --- [letterbook] [           main] [                                                 ] .s.d.r.c.RepositoryConfigurationDelegate : Bootstrapping Spring Data JDBC repositories in DEFAULT mode.
2025-08-06T15:35:14.928-03:00  INFO 329081 --- [letterbook] [           main] [                                                 ] .RepositoryConfigurationExtensionSupport : Spring Data JDBC - Could not safely identify store assignment for repository candidate interface com.letterbook.backend.UserService.domain.repository.UserRepository; If you want this repository to be a JDBC repository, consider annotating your entities with one of these annotations: org.springframework.data.relational.core.mapping.Table.
2025-08-06T15:35:14.929-03:00  INFO 329081 --- [letterbook] [           main] [                                                 ] .s.d.r.c.RepositoryConfigurationDelegate : Finished Spring Data repository scanning in 33 ms. Found 0 JDBC repository interfaces.
2025-08-06T15:35:14.944-03:00  INFO 329081 --- [letterbook] [           main] [                                                 ] .s.d.r.c.RepositoryConfigurationDelegate : Multiple Spring Data modules found, entering strict repository configuration mode
2025-08-06T15:35:14.946-03:00  INFO 329081 --- [letterbook] [           main] [                                                 ] .s.d.r.c.RepositoryConfigurationDelegate : Bootstrapping Spring Data JPA repositories in DEFAULT mode.
2025-08-06T15:35:15.069-03:00  INFO 329081 --- [letterbook] [           main] [                                                 ] .s.d.r.c.RepositoryConfigurationDelegate : Finished Spring Data repository scanning in 118 ms. Found 1 JPA repository interface.
2025-08-06T15:35:15.818-03:00  INFO 329081 --- [letterbook] [           main] [                                                 ] com.zaxxer.hikari.HikariDataSource       : HikariPool-1 - Starting...
2025-08-06T15:35:16.200-03:00  INFO 329081 --- [letterbook] [           main] [                                                 ] com.zaxxer.hikari.pool.HikariPool        : HikariPool-1 - Added connection org.postgresql.jdbc.PgConnection@4ec0229c
2025-08-06T15:35:16.202-03:00  INFO 329081 --- [letterbook] [           main] [                                                 ] com.zaxxer.hikari.HikariDataSource       : HikariPool-1 - Start completed.
2025-08-06T15:35:16.289-03:00  INFO 329081 --- [letterbook] [           main] [                                                 ] o.hibernate.jpa.internal.util.LogHelper  : HHH000204: Processing PersistenceUnitInfo [name: default]
2025-08-06T15:35:16.354-03:00  INFO 329081 --- [letterbook] [           main] [                                                 ] org.hibernate.Version                    : HHH000412: Hibernate ORM core version 7.0.7.Final
2025-08-06T15:35:16.868-03:00  INFO 329081 --- [letterbook] [           main] [                                                 ] o.s.o.j.p.SpringPersistenceUnitInfo      : No LoadTimeWeaver setup: ignoring JPA class transformer
2025-08-06T15:35:16.938-03:00  WARN 329081 --- [letterbook] [           main] [                                                 ] org.hibernate.orm.deprecation            : HHH90000025: PostgreSQLDialect does not need to be specified explicitly using 'hibernate.dialect' (remove the property setting and it will be selected by default)
2025-08-06T15:35:16.957-03:00  INFO 329081 --- [letterbook] [           main] [                                                 ] org.hibernate.orm.connections.pooling    : HHH10001005: Database info:
	Database JDBC URL [jdbc:postgresql://localhost:5432/letterbook_db]
	Database driver: PostgreSQL JDBC Driver
	Database version: 16.9
	Autocommit mode: undefined/unknown
	Isolation level: READ_COMMITTED [default READ_COMMITTED]
	Pool: DatasourceConnectionProviderImpl
	Minimum pool size: undefined/unknown
	Maximum pool size: undefined/unknown
2025-08-06T15:35:17.848-03:00  INFO 329081 --- [letterbook] [           main] [                                                 ] o.h.e.t.j.p.i.JtaPlatformInitiator       : HHH000489: No JTA platform available (set 'hibernate.transaction.jta.platform' to enable JTA platform integration)
2025-08-06T15:35:17.925-03:00  INFO 329081 --- [letterbook] [           main] [                                                 ] j.LocalContainerEntityManagerFactoryBean : Initialized JPA EntityManagerFactory for persistence unit 'default'
2025-08-06T15:35:18.030-03:00  INFO 329081 --- [letterbook] [           main] [                                                 ] o.s.d.j.r.query.QueryEnhancerFactories   : Hibernate is in classpath; If applicable, HQL parser will be used.
2025-08-06T15:35:18.386-03:00  WARN 329081 --- [letterbook] [           main] [                                                 ] JpaBaseConfiguration$JpaWebConfiguration : spring.jpa.open-in-view is enabled by default. Therefore, database queries may be performed during view rendering. Explicitly configure spring.jpa.open-in-view to disable this warning
2025-08-06T15:35:19.379-03:00  INFO 329081 --- [letterbook] [           main] [                                                 ] o.s.b.a.e.web.EndpointLinksResolver      : Exposing 1 endpoint beneath base path '/actuator'
2025-08-06T15:35:20.311-03:00  INFO 329081 --- [letterbook] [           main] [                                                 ] .w.s.a.s.AnnotationActionEndpointMapping : Supporting [WS-Addressing August 2004, WS-Addressing 1.0]
2025-08-06T15:35:20.424-03:00  INFO 329081 --- [letterbook] [           main] [                                                 ] c.l.backend.LetterbookApplicationTests   : Started LetterbookApplicationTests in 7.113 seconds (process running for 8.24)
]]></system-out>
    <system-err><![CDATA[Mockito is currently self-attaching to enable the inline-mock-maker. This will no longer work in future releases of the JDK. Please add Mockito as an agent to your build as described in Mockito's documentation: https://javadoc.io/doc/org.mockito/mockito-core/latest/org.mockito/org/mockito/Mockito.html#0.3
WARNING: A Java agent has been loaded dynamically (/home/joao/.m2/repository/net/bytebuddy/byte-buddy-agent/1.17.6/byte-buddy-agent-1.17.6.jar)
WARNING: If a serviceability tool is in use, please run with -XX:+EnableDynamicAgentLoading to hide this warning
WARNING: If a serviceability tool is not in use, please run with -Djdk.instrument.traceUsage for more information
WARNING: Dynamic loading of agents will be disallowed by default in a future release
]]></system-err>
  </testcase>
</testsuite>